\BOOKMARK [1][-]{section.1}{Introduction}{}% 1
\BOOKMARK [1][-]{section.2}{Preliminaries}{}% 2
\BOOKMARK [2][-]{subsection.2.1}{Taint Analysis}{section.2}% 3
\BOOKMARK [2][-]{subsection.2.2}{Predicate Abstraction}{section.2}% 4
\BOOKMARK [2][-]{subsection.2.3}{k-safety properties}{section.2}% 5
\BOOKMARK [2][-]{subsection.2.4}{Product Programs}{section.2}% 6
\BOOKMARK [1][-]{section.3}{Our Approach}{}% 7
\BOOKMARK [2][-]{subsection.3.1}{Naive Approaches}{section.3}% 8
\BOOKMARK [2][-]{subsection.3.2}{Instrumenting Programs for Predicate Abstraction}{section.3}% 9
\BOOKMARK [2][-]{subsection.3.3}{Naive Product Program Inference Rules}{section.3}% 10
\BOOKMARK [2][-]{subsection.3.4}{Taint-augmented Inference Rules}{section.3}% 11
\BOOKMARK [2][-]{subsection.3.5}{Putting it all together}{section.3}% 12
\BOOKMARK [1][-]{section.4}{Results}{}% 13
\BOOKMARK [1][-]{section.5}{Conclusion}{}% 14
\BOOKMARK [1][-]{section.6}{Future Work}{}% 15
\BOOKMARK [1][-]{section.7}{Considered Approaches}{}% 16
\BOOKMARK [2][-]{subsection.7.1}{Taint Analysis}{section.7}% 17
\BOOKMARK [2][-]{subsection.7.2}{Differential Taint Analysis}{section.7}% 18
\BOOKMARK [2][-]{subsection.7.3}{Product Programs}{section.7}% 19
\BOOKMARK [3][-]{subsubsection.7.3.1}{Example}{subsection.7.3}% 20
\BOOKMARK [2][-]{subsection.7.4}{Verification Modulo Versions}{section.7}% 21
\BOOKMARK [2][-]{subsection.7.5}{Relational Verification}{section.7}% 22
\BOOKMARK [2][-]{subsection.7.6}{Differential Assertion Checking}{section.7}% 23
\BOOKMARK [1][-]{section.8}{Our Approach}{}% 24
\BOOKMARK [1][-]{section.9}{Real World Applications}{}% 25
\BOOKMARK [1][-]{section.10}{Research Hypotheses}{}% 26
\BOOKMARK [1][-]{section.11}{Future Work}{}% 27
\BOOKMARK [1][-]{section.12}{Links}{}% 28
